{"/home/coryell/Development/Dashboard/src/tests/polyfills.js": {"path":"/home/coryell/Development/Dashboard/src/tests/polyfills.js","statementMap":{"0":{"start":{"line":9,"column":0},"end":{"line":11,"column":2}},"1":{"start":{"line":10,"column":2},"end":{"line":10,"column":20}}},"fnMap":{"0":{"name":"(anonymous_0)","decl":{"start":{"line":9,"column":31},"end":{"line":9,"column":32}},"loc":{"start":{"line":9,"column":39},"end":{"line":11,"column":1}},"line":9}},"branchMap":{},"s":{"0":1,"1":0},"f":{"0":0},"b":{},"_coverageSchema":"332fd63041d2c1bcb487cc26dd0d5f7d97098a6c","hash":"2789e54a69bc6bfda56b0c18b8090e27dbbeae7a"}
,"/home/coryell/Development/Dashboard/src/tests/setup.js": {"path":"/home/coryell/Development/Dashboard/src/tests/setup.js","statementMap":{"0":{"start":{"line":5,"column":0},"end":{"line":5,"column":45}}},"fnMap":{},"branchMap":{},"s":{"0":1},"f":{},"b":{},"_coverageSchema":"332fd63041d2c1bcb487cc26dd0d5f7d97098a6c","hash":"82dc666241f9f939e5591fd6126457e88aafc21f"}
}
