<?xml version="1.0" encoding="UTF-8"?>
<coverage generated="1523938589001" clover="3.2.0">
  <project timestamp="1523938589001" name="All files">
    <metrics statements="7" coveredstatements="4" conditionals="0" coveredconditionals="0" methods="4" coveredmethods="0" elements="11" coveredelements="4" complexity="0" loc="7" ncloc="7" packages="1" files="1" classes="1">
      <file name="AppHeader.js" path="/home/coryell/Development/Dashboard/src/components/AppHeader/AppHeader.js">
        <metrics statements="7" coveredstatements="4" conditionals="0" coveredconditionals="0" methods="4" coveredmethods="0"/>
        <line num="4" count="1" type="stmt"/>
        <line num="5" count="0" type="stmt"/>
        <line num="14" count="1" type="stmt"/>
        <line num="16" count="1" type="stmt"/>
        <line num="17" count="0" type="stmt"/>
        <line num="25" count="1" type="stmt"/>
        <line num="26" count="0" type="stmt"/>
      </file>
    </metrics>
  </project>
</coverage>
