{"/home/coryell/Development/Dashboard/src/components/AppHeader/AppHeader.js": {"path":"/home/coryell/Development/Dashboard/src/components/AppHeader/AppHeader.js","statementMap":{"0":{"start":{"line":4,"column":22},"end":{"line":12,"column":1}},"1":{"start":{"line":5,"column":2},"end":{"line":11,"column":8}},"2":{"start":{"line":14,"column":13},"end":{"line":14,"column":70}},"3":{"start":{"line":14,"column":20},"end":{"line":14,"column":69}},"4":{"start":{"line":16,"column":17},"end":{"line":23,"column":1}},"5":{"start":{"line":17,"column":2},"end":{"line":22,"column":6}},"6":{"start":{"line":25,"column":18},"end":{"line":34,"column":1}},"7":{"start":{"line":26,"column":2},"end":{"line":33,"column":12}}},"fnMap":{"0":{"name":"(anonymous_0)","decl":{"start":{"line":4,"column":22},"end":{"line":4,"column":23}},"loc":{"start":{"line":5,"column":2},"end":{"line":11,"column":8}},"line":5},"1":{"name":"(anonymous_1)","decl":{"start":{"line":14,"column":13},"end":{"line":14,"column":14}},"loc":{"start":{"line":14,"column":20},"end":{"line":14,"column":69}},"line":14},"2":{"name":"(anonymous_2)","decl":{"start":{"line":16,"column":17},"end":{"line":16,"column":18}},"loc":{"start":{"line":17,"column":2},"end":{"line":22,"column":6}},"line":17},"3":{"name":"(anonymous_3)","decl":{"start":{"line":25,"column":18},"end":{"line":25,"column":19}},"loc":{"start":{"line":26,"column":2},"end":{"line":33,"column":12}},"line":26}},"branchMap":{},"s":{"0":1,"1":0,"2":1,"3":0,"4":1,"5":0,"6":1,"7":0},"f":{"0":0,"1":0,"2":0,"3":0},"b":{},"_coverageSchema":"332fd63041d2c1bcb487cc26dd0d5f7d97098a6c","hash":"8b5c96506a4a3fb5e6e09d44d596dd0599184252"}
}
